[15:10:11.893] Global cache location '/Users/yuanfei/Library/Caches/typescript/3.6', safe file path '/usr/local/lib/node_modules/typescript/lib/typingsafelist.json', types map path /usr/local/lib/node_modules/typescript/lib/typesmap.json
[15:10:11.895] Processing cache location '/Users/yuanfei/Library/Caches/typescript/3.6'
[15:10:11.895] Trying to find '/Users/yuanfei/Library/Caches/typescript/3.6/package.json'...
[15:10:11.897] Loaded content of '/Users/yuanfei/Library/Caches/typescript/3.6/package.json': {"private":true,"dependencies":{"types-registry":"^0.1.460"},"devDependencies":{"@types/abbrev":"^1.1.1","@types/accepts":"^1.3.5","@types/are-we-there-yet":"^1.1.0","@types/async":"^3.0.2","@types/atob":"^2.1.2","@types/aws4":"^1.5.1","@types/balanced-match":"^1.0.0","@types/bluebird":"^3.5.27","@types/body-parser":"^1.17.1","@types/brace-expansion":"^1.1.0","@types/browserify":"^12.0.36","@types/bson":"^4.0.0","@types/bytes":"^3.0.0","@types/caseless":"^0.12.2","@types/chai":"^4.2.3","@types/chownr":"^1.0.0","@types/concat-map":"0.0.0","@types/content-disposition":"^0.5.2","@types/content-type":"^1.1.3","@types/cookie":"^0.3.3","@types/cookie-signature":"^1.0.3","@types/cors":"^2.8.6","@types/crypto-js":"^3.1.43","@types/debug":"^4.1.5","@types/deep-extend":"^0.4.31","@types/depd":"^1.1.32","@types/destroy":"^1.0.0","@types/dotenv":"^6.1.1","@types/ee-first":"^1.1.0","@types/encodeurl":"^1.0.0","@types/escape-html":"0.0.20","@types/eslint":"^6.1.2","@types/etag":"^1.8.0","@types/express":"^4.17.1","@types/express-jwt":"0.0.42","@types/extend":"^3.0.1","@types/finalhandler":"^1.1.0","@types/forever-agent":"^0.6.0","@types/forwarded":"^0.1.0","@types/fresh":"^0.5.0","@types/glob":"^7.1.1","@types/http-errors":"^1.6.2","@types/inherits":"0.0.30","@types/ini":"^1.3.30","@types/is-typedarray":"^1.0.0","@types/isarray":"^2.0.0","@types/isstream":"^0.1.0","@types/istanbul":"^0.4.30","@types/json-stringify-safe":"^5.0.0","@types/jsonwebtoken":"^8.3.3","@types/jws":"^3.2.0","@types/lodash.includes":"^4.3.6","@types/lodash.isboolean":"^3.0.6","@types/lodash.isinteger":"^4.0.6","@types/lodash.isnumber":"^3.0.6","@types/lodash.isplainobject":"^4.0.6","@types/lodash.isstring":"^4.0.6","@types/lodash.once":"^4.1.6","@types/media-typer":"^0.3.0","@types/merge-descriptors":"^1.0.1","@types/methods":"^1.1.0","@types/mime":"^2.0.1","@types/mime-db":"^1.27.0","@types/mime-types":"^2.1.0","@types/minimatch":"^3.0.3","@types/minimist":"^1.2.0","@types/minipass":"^2.2.0","@types/mkdirp":"^0.5.2","@types/mocha":"^5.2.7","@types/ms":"^0.7.31","@types/nanoid":"^2.0.0","@types/needle":"^2.0.4","@types/negotiator":"^0.6.1","@types/node-pushnotifications":"^1.0.3","@types/node-uuid":"0.0.28","@types/nopt":"^3.0.29","@types/npm-packlist":"^1.1.1","@types/npmlog":"^4.1.2","@types/number-is-nan":"^1.0.0","@types/object-assign":"^4.0.30","@types/on-finished":"^2.3.1","@types/once":"^1.4.0","@types/os-homedir":"^1.0.0","@types/os-tmpdir":"^1.0.0","@types/osenv":"^0.1.0","@types/parseurl":"^1.3.1","@types/path-is-absolute":"^1.0.0","@types/proxy-addr":"^2.0.0","@types/qs":"^6.5.3","@types/range-parser":"^1.2.3","@types/rc":"^1.1.0","@types/readable-stream":"^2.3.5","@types/request":"^2.48.3","@types/rimraf":"^2.0.2","@types/safer-buffer":"^2.1.0","@types/sax":"^1.2.0","@types/semver":"^6.0.2","@types/send":"^0.14.5","@types/serve-index":"^1.7.30","@types/serve-static":"^1.13.3","@types/signal-exit":"^3.0.0","@types/sinon":"^7.5.0","@types/sprintf":"^0.1.0","@types/sqlite3":"^3.1.5","@types/statuses":"^1.5.0","@types/superagent":"^4.1.3","@types/tar":"^4.0.3","@types/tough-cookie":"^2.3.5","@types/type-is":"^1.6.3","@types/uglify-js":"^3.0.4","@types/util-deprecate":"^1.0.0","@types/utils-merge":"0.0.28","@types/uws":"^0.13.2","@types/vary":"^1.1.0","@types/victor":"^1.1.0","@types/yallist":"^3.0.1"}}
[15:10:11.897] Loaded content of '/Users/yuanfei/Library/Caches/typescript/3.6/package-lock.json'
[15:10:11.907] Adding entry into typings cache: 'abbrev' => '/Users/yuanfei/Library/Caches/typescript/3.6/node_modules/@types/abbrev/index.d.ts'
[15:10:11.909] Adding entry into typings cache: 'accepts' => '/Users/yuanfei/Library/Caches/typescript/3.6/node_modules/@types/accepts/index.d.ts'
[15:10:11.911] Adding entry into typings cache: 'are-we-there-yet' => '/Users/yuanfei/Library/Caches/typescript/3.6/node_modules/@types/are-we-there-yet/index.d.ts'
[15:10:11.915] Adding entry into typings cache: 'async' => '/Users/yuanfei/Library/Caches/typescript/3.6/node_modules/@types/async/index.d.ts'
[15:10:11.918] Adding entry into typings cache: 'atob' => '/Users/yuanfei/Library/Caches/typescript/3.6/node_modules/@types/atob/index.d.ts'
[15:10:11.922] Adding entry into typings cache: 'aws4' => '/Users/yuanfei/Library/Caches/typescript/3.6/node_modules/@types/aws4/index.d.ts'
[15:10:11.924] Adding entry into typings cache: 'balanced-match' => '/Users/yuanfei/Library/Caches/typescript/3.6/node_modules/@types/balanced-match/index.d.ts'
[15:10:11.926] Adding entry into typings cache: 'bluebird' => '/Users/yuanfei/Library/Caches/typescript/3.6/node_modules/@types/bluebird/index.d.ts'
[15:10:11.928] Adding entry into typings cache: 'body-parser' => '/Users/yuanfei/Library/Caches/typescript/3.6/node_modules/@types/body-parser/index.d.ts'
[15:10:11.930] Adding entry into typings cache: 'brace-expansion' => '/Users/yuanfei/Library/Caches/typescript/3.6/node_modules/@types/brace-expansion/index.d.ts'
[15:10:11.932] Adding entry into typings cache: 'browserify' => '/Users/yuanfei/Library/Caches/typescript/3.6/node_modules/@types/browserify/index.d.ts'
[15:10:11.934] Adding entry into typings cache: 'bson' => '/Users/yuanfei/Library/Caches/typescript/3.6/node_modules/@types/bson/index.d.ts'
[15:10:11.935] Adding entry into typings cache: 'bytes' => '/Users/yuanfei/Library/Caches/typescript/3.6/node_modules/@types/bytes/index.d.ts'
[15:10:11.938] Adding entry into typings cache: 'caseless' => '/Users/yuanfei/Library/Caches/typescript/3.6/node_modules/@types/caseless/index.d.ts'
[15:10:11.940] Adding entry into typings cache: 'chai' => '/Users/yuanfei/Library/Caches/typescript/3.6/node_modules/@types/chai/index.d.ts'
[15:10:11.943] Adding entry into typings cache: 'chownr' => '/Users/yuanfei/Library/Caches/typescript/3.6/node_modules/@types/chownr/index.d.ts'
[15:10:11.945] Adding entry into typings cache: 'concat-map' => '/Users/yuanfei/Library/Caches/typescript/3.6/node_modules/@types/concat-map/index.d.ts'
[15:10:11.947] Adding entry into typings cache: 'content-disposition' => '/Users/yuanfei/Library/Caches/typescript/3.6/node_modules/@types/content-disposition/index.d.ts'
[15:10:11.949] Adding entry into typings cache: 'content-type' => '/Users/yuanfei/Library/Caches/typescript/3.6/node_modules/@types/content-type/index.d.ts'
[15:10:11.952] Adding entry into typings cache: 'cookie' => '/Users/yuanfei/Library/Caches/typescript/3.6/node_modules/@types/cookie/index.d.ts'
[15:10:11.954] Adding entry into typings cache: 'cookie-signature' => '/Users/yuanfei/Library/Caches/typescript/3.6/node_modules/@types/cookie-signature/index.d.ts'
[15:10:11.956] Adding entry into typings cache: 'cors' => '/Users/yuanfei/Library/Caches/typescript/3.6/node_modules/@types/cors/index.d.ts'
[15:10:11.958] Adding entry into typings cache: 'crypto-js' => '/Users/yuanfei/Library/Caches/typescript/3.6/node_modules/@types/crypto-js/index.d.ts'
[15:10:11.960] Adding entry into typings cache: 'debug' => '/Users/yuanfei/Library/Caches/typescript/3.6/node_modules/@types/debug/index.d.ts'
[15:10:11.962] Adding entry into typings cache: 'deep-extend' => '/Users/yuanfei/Library/Caches/typescript/3.6/node_modules/@types/deep-extend/index.d.ts'
[15:10:11.963] Adding entry into typings cache: 'depd' => '/Users/yuanfei/Library/Caches/typescript/3.6/node_modules/@types/depd/index.d.ts'
[15:10:11.965] Adding entry into typings cache: 'destroy' => '/Users/yuanfei/Library/Caches/typescript/3.6/node_modules/@types/destroy/index.d.ts'
[15:10:11.967] Adding entry into typings cache: 'dotenv' => '/Users/yuanfei/Library/Caches/typescript/3.6/node_modules/@types/dotenv/index.d.ts'
[15:10:11.968] Adding entry into typings cache: 'ee-first' => '/Users/yuanfei/Library/Caches/typescript/3.6/node_modules/@types/ee-first/index.d.ts'
[15:10:11.970] Adding entry into typings cache: 'encodeurl' => '/Users/yuanfei/Library/Caches/typescript/3.6/node_modules/@types/encodeurl/index.d.ts'
[15:10:11.972] Adding entry into typings cache: 'escape-html' => '/Users/yuanfei/Library/Caches/typescript/3.6/node_modules/@types/escape-html/index.d.ts'
[15:10:11.976] Adding entry into typings cache: 'eslint' => '/Users/yuanfei/Library/Caches/typescript/3.6/node_modules/@types/eslint/ts3.1/index.d.ts'
[15:10:11.977] Adding entry into typings cache: 'etag' => '/Users/yuanfei/Library/Caches/typescript/3.6/node_modules/@types/etag/index.d.ts'
[15:10:11.979] Adding entry into typings cache: 'express' => '/Users/yuanfei/Library/Caches/typescript/3.6/node_modules/@types/express/index.d.ts'
[15:10:11.981] Adding entry into typings cache: 'express-jwt' => '/Users/yuanfei/Library/Caches/typescript/3.6/node_modules/@types/express-jwt/index.d.ts'
[15:10:11.983] Adding entry into typings cache: 'extend' => '/Users/yuanfei/Library/Caches/typescript/3.6/node_modules/@types/extend/index.d.ts'
[15:10:11.985] Adding entry into typings cache: 'finalhandler' => '/Users/yuanfei/Library/Caches/typescript/3.6/node_modules/@types/finalhandler/index.d.ts'
[15:10:11.987] Adding entry into typings cache: 'forever-agent' => '/Users/yuanfei/Library/Caches/typescript/3.6/node_modules/@types/forever-agent/index.d.ts'
[15:10:11.989] Adding entry into typings cache: 'forwarded' => '/Users/yuanfei/Library/Caches/typescript/3.6/node_modules/@types/forwarded/index.d.ts'
[15:10:11.991] Adding entry into typings cache: 'fresh' => '/Users/yuanfei/Library/Caches/typescript/3.6/node_modules/@types/fresh/index.d.ts'
[15:10:11.993] Adding entry into typings cache: 'glob' => '/Users/yuanfei/Library/Caches/typescript/3.6/node_modules/@types/glob/index.d.ts'
[15:10:11.995] Adding entry into typings cache: 'http-errors' => '/Users/yuanfei/Library/Caches/typescript/3.6/node_modules/@types/http-errors/index.d.ts'
[15:10:11.996] Adding entry into typings cache: 'inherits' => '/Users/yuanfei/Library/Caches/typescript/3.6/node_modules/@types/inherits/index.d.ts'
[15:10:11.999] Adding entry into typings cache: 'ini' => '/Users/yuanfei/Library/Caches/typescript/3.6/node_modules/@types/ini/index.d.ts'
[15:10:12.2] Adding entry into typings cache: 'is-typedarray' => '/Users/yuanfei/Library/Caches/typescript/3.6/node_modules/@types/is-typedarray/index.d.ts'
[15:10:12.3] Adding entry into typings cache: 'isarray' => '/Users/yuanfei/Library/Caches/typescript/3.6/node_modules/@types/isarray/index.d.ts'
[15:10:12.7] Adding entry into typings cache: 'isstream' => '/Users/yuanfei/Library/Caches/typescript/3.6/node_modules/@types/isstream/index.d.ts'
[15:10:12.9] Adding entry into typings cache: 'istanbul' => '/Users/yuanfei/Library/Caches/typescript/3.6/node_modules/@types/istanbul/index.d.ts'
[15:10:12.11] Adding entry into typings cache: 'json-stringify-safe' => '/Users/yuanfei/Library/Caches/typescript/3.6/node_modules/@types/json-stringify-safe/index.d.ts'
[15:10:12.13] Adding entry into typings cache: 'jsonwebtoken' => '/Users/yuanfei/Library/Caches/typescript/3.6/node_modules/@types/jsonwebtoken/index.d.ts'
[15:10:12.14] Adding entry into typings cache: 'jws' => '/Users/yuanfei/Library/Caches/typescript/3.6/node_modules/@types/jws/index.d.ts'
[15:10:12.16] Adding entry into typings cache: 'lodash.includes' => '/Users/yuanfei/Library/Caches/typescript/3.6/node_modules/@types/lodash.includes/index.d.ts'
[15:10:12.18] Adding entry into typings cache: 'lodash.isboolean' => '/Users/yuanfei/Library/Caches/typescript/3.6/node_modules/@types/lodash.isboolean/index.d.ts'
[15:10:12.19] Adding entry into typings cache: 'lodash.isinteger' => '/Users/yuanfei/Library/Caches/typescript/3.6/node_modules/@types/lodash.isinteger/index.d.ts'
[15:10:12.21] Adding entry into typings cache: 'lodash.isnumber' => '/Users/yuanfei/Library/Caches/typescript/3.6/node_modules/@types/lodash.isnumber/index.d.ts'
[15:10:12.22] Adding entry into typings cache: 'lodash.isplainobject' => '/Users/yuanfei/Library/Caches/typescript/3.6/node_modules/@types/lodash.isplainobject/index.d.ts'
[15:10:12.24] Adding entry into typings cache: 'lodash.isstring' => '/Users/yuanfei/Library/Caches/typescript/3.6/node_modules/@types/lodash.isstring/index.d.ts'
[15:10:12.26] Adding entry into typings cache: 'lodash.once' => '/Users/yuanfei/Library/Caches/typescript/3.6/node_modules/@types/lodash.once/index.d.ts'
[15:10:12.28] Adding entry into typings cache: 'media-typer' => '/Users/yuanfei/Library/Caches/typescript/3.6/node_modules/@types/media-typer/index.d.ts'
[15:10:12.29] Adding entry into typings cache: 'merge-descriptors' => '/Users/yuanfei/Library/Caches/typescript/3.6/node_modules/@types/merge-descriptors/index.d.ts'
[15:10:12.32] Adding entry into typings cache: 'methods' => '/Users/yuanfei/Library/Caches/typescript/3.6/node_modules/@types/methods/index.d.ts'
[15:10:12.34] Adding entry into typings cache: 'mime' => '/Users/yuanfei/Library/Caches/typescript/3.6/node_modules/@types/mime/index.d.ts'
[15:10:12.37] Adding entry into typings cache: 'mime-db' => '/Users/yuanfei/Library/Caches/typescript/3.6/node_modules/@types/mime-db/index.d.ts'
[15:10:12.40] Adding entry into typings cache: 'mime-types' => '/Users/yuanfei/Library/Caches/typescript/3.6/node_modules/@types/mime-types/index.d.ts'
[15:10:12.42] Adding entry into typings cache: 'minimatch' => '/Users/yuanfei/Library/Caches/typescript/3.6/node_modules/@types/minimatch/index.d.ts'
[15:10:12.43] Adding entry into typings cache: 'minimist' => '/Users/yuanfei/Library/Caches/typescript/3.6/node_modules/@types/minimist/index.d.ts'
[15:10:12.45] Adding entry into typings cache: 'minipass' => '/Users/yuanfei/Library/Caches/typescript/3.6/node_modules/@types/minipass/index.d.ts'
[15:10:12.46] Adding entry into typings cache: 'mkdirp' => '/Users/yuanfei/Library/Caches/typescript/3.6/node_modules/@types/mkdirp/index.d.ts'
[15:10:12.48] Adding entry into typings cache: 'mocha' => '/Users/yuanfei/Library/Caches/typescript/3.6/node_modules/@types/mocha/index.d.ts'
[15:10:12.50] Adding entry into typings cache: 'ms' => '/Users/yuanfei/Library/Caches/typescript/3.6/node_modules/@types/ms/index.d.ts'
[15:10:12.51] Adding entry into typings cache: 'nanoid' => '/Users/yuanfei/Library/Caches/typescript/3.6/node_modules/@types/nanoid/index.d.ts'
[15:10:12.52] Adding entry into typings cache: 'needle' => '/Users/yuanfei/Library/Caches/typescript/3.6/node_modules/@types/needle/index.d.ts'
[15:10:12.53] Adding entry into typings cache: 'negotiator' => '/Users/yuanfei/Library/Caches/typescript/3.6/node_modules/@types/negotiator/index.d.ts'
[15:10:12.55] Adding entry into typings cache: 'node-pushnotifications' => '/Users/yuanfei/Library/Caches/typescript/3.6/node_modules/@types/node-pushnotifications/index.d.ts'
[15:10:12.56] Adding entry into typings cache: 'node-uuid' => '/Users/yuanfei/Library/Caches/typescript/3.6/node_modules/@types/node-uuid/index.d.ts'
[15:10:12.57] Adding entry into typings cache: 'nopt' => '/Users/yuanfei/Library/Caches/typescript/3.6/node_modules/@types/nopt/index.d.ts'
[15:10:12.59] Adding entry into typings cache: 'npm-packlist' => '/Users/yuanfei/Library/Caches/typescript/3.6/node_modules/@types/npm-packlist/index.d.ts'
[15:10:12.61] Adding entry into typings cache: 'npmlog' => '/Users/yuanfei/Library/Caches/typescript/3.6/node_modules/@types/npmlog/index.d.ts'
[15:10:12.62] Adding entry into typings cache: 'number-is-nan' => '/Users/yuanfei/Library/Caches/typescript/3.6/node_modules/@types/number-is-nan/index.d.ts'
[15:10:12.63] Adding entry into typings cache: 'object-assign' => '/Users/yuanfei/Library/Caches/typescript/3.6/node_modules/@types/object-assign/index.d.ts'
[15:10:12.65] Adding entry into typings cache: 'on-finished' => '/Users/yuanfei/Library/Caches/typescript/3.6/node_modules/@types/on-finished/index.d.ts'
[15:10:12.67] Adding entry into typings cache: 'once' => '/Users/yuanfei/Library/Caches/typescript/3.6/node_modules/@types/once/index.d.ts'
[15:10:12.70] Adding entry into typings cache: 'os-homedir' => '/Users/yuanfei/Library/Caches/typescript/3.6/node_modules/@types/os-homedir/index.d.ts'
[15:10:12.72] Adding entry into typings cache: 'os-tmpdir' => '/Users/yuanfei/Library/Caches/typescript/3.6/node_modules/@types/os-tmpdir/index.d.ts'
[15:10:12.73] Adding entry into typings cache: 'osenv' => '/Users/yuanfei/Library/Caches/typescript/3.6/node_modules/@types/osenv/index.d.ts'
[15:10:12.75] Adding entry into typings cache: 'parseurl' => '/Users/yuanfei/Library/Caches/typescript/3.6/node_modules/@types/parseurl/index.d.ts'
[15:10:12.76] Adding entry into typings cache: 'path-is-absolute' => '/Users/yuanfei/Library/Caches/typescript/3.6/node_modules/@types/path-is-absolute/index.d.ts'
[15:10:12.77] Adding entry into typings cache: 'proxy-addr' => '/Users/yuanfei/Library/Caches/typescript/3.6/node_modules/@types/proxy-addr/index.d.ts'
[15:10:12.78] Adding entry into typings cache: 'qs' => '/Users/yuanfei/Library/Caches/typescript/3.6/node_modules/@types/qs/index.d.ts'
[15:10:12.80] Adding entry into typings cache: 'range-parser' => '/Users/yuanfei/Library/Caches/typescript/3.6/node_modules/@types/range-parser/index.d.ts'
[15:10:12.81] Adding entry into typings cache: 'rc' => '/Users/yuanfei/Library/Caches/typescript/3.6/node_modules/@types/rc/index.d.ts'
[15:10:12.82] Adding entry into typings cache: 'readable-stream' => '/Users/yuanfei/Library/Caches/typescript/3.6/node_modules/@types/readable-stream/index.d.ts'
[15:10:12.83] Adding entry into typings cache: 'request' => '/Users/yuanfei/Library/Caches/typescript/3.6/node_modules/@types/request/index.d.ts'
[15:10:12.85] Adding entry into typings cache: 'rimraf' => '/Users/yuanfei/Library/Caches/typescript/3.6/node_modules/@types/rimraf/index.d.ts'
[15:10:12.87] Adding entry into typings cache: 'safer-buffer' => '/Users/yuanfei/Library/Caches/typescript/3.6/node_modules/@types/safer-buffer/index.d.ts'
[15:10:12.89] Adding entry into typings cache: 'sax' => '/Users/yuanfei/Library/Caches/typescript/3.6/node_modules/@types/sax/index.d.ts'
[15:10:12.90] Adding entry into typings cache: 'semver' => '/Users/yuanfei/Library/Caches/typescript/3.6/node_modules/@types/semver/index.d.ts'
[15:10:12.92] Adding entry into typings cache: 'send' => '/Users/yuanfei/Library/Caches/typescript/3.6/node_modules/@types/send/index.d.ts'
[15:10:12.94] Adding entry into typings cache: 'serve-index' => '/Users/yuanfei/Library/Caches/typescript/3.6/node_modules/@types/serve-index/index.d.ts'
[15:10:12.95] Adding entry into typings cache: 'serve-static' => '/Users/yuanfei/Library/Caches/typescript/3.6/node_modules/@types/serve-static/index.d.ts'
[15:10:12.96] Adding entry into typings cache: 'signal-exit' => '/Users/yuanfei/Library/Caches/typescript/3.6/node_modules/@types/signal-exit/index.d.ts'
[15:10:12.98] Adding entry into typings cache: 'sinon' => '/Users/yuanfei/Library/Caches/typescript/3.6/node_modules/@types/sinon/ts3.1/index.d.ts'
[15:10:12.99] Adding entry into typings cache: 'sprintf' => '/Users/yuanfei/Library/Caches/typescript/3.6/node_modules/@types/sprintf/index.d.ts'
[15:10:12.100] Adding entry into typings cache: 'sqlite3' => '/Users/yuanfei/Library/Caches/typescript/3.6/node_modules/@types/sqlite3/index.d.ts'
[15:10:12.102] Adding entry into typings cache: 'statuses' => '/Users/yuanfei/Library/Caches/typescript/3.6/node_modules/@types/statuses/index.d.ts'
[15:10:12.103] Adding entry into typings cache: 'superagent' => '/Users/yuanfei/Library/Caches/typescript/3.6/node_modules/@types/superagent/index.d.ts'
[15:10:12.105] Adding entry into typings cache: 'tar' => '/Users/yuanfei/Library/Caches/typescript/3.6/node_modules/@types/tar/index.d.ts'
[15:10:12.106] Adding entry into typings cache: 'tough-cookie' => '/Users/yuanfei/Library/Caches/typescript/3.6/node_modules/@types/tough-cookie/index.d.ts'
[15:10:12.108] Adding entry into typings cache: 'type-is' => '/Users/yuanfei/Library/Caches/typescript/3.6/node_modules/@types/type-is/index.d.ts'
[15:10:12.109] Adding entry into typings cache: 'uglify-js' => '/Users/yuanfei/Library/Caches/typescript/3.6/node_modules/@types/uglify-js/index.d.ts'
[15:10:12.111] Adding entry into typings cache: 'util-deprecate' => '/Users/yuanfei/Library/Caches/typescript/3.6/node_modules/@types/util-deprecate/index.d.ts'
[15:10:12.112] Adding entry into typings cache: 'utils-merge' => '/Users/yuanfei/Library/Caches/typescript/3.6/node_modules/@types/utils-merge/index.d.ts'
[15:10:12.114] Adding entry into typings cache: 'uws' => '/Users/yuanfei/Library/Caches/typescript/3.6/node_modules/@types/uws/index.d.ts'
[15:10:12.116] Adding entry into typings cache: 'vary' => '/Users/yuanfei/Library/Caches/typescript/3.6/node_modules/@types/vary/index.d.ts'
[15:10:12.117] Adding entry into typings cache: 'victor' => '/Users/yuanfei/Library/Caches/typescript/3.6/node_modules/@types/victor/index.d.ts'
[15:10:12.119] Adding entry into typings cache: 'yallist' => '/Users/yuanfei/Library/Caches/typescript/3.6/node_modules/@types/yallist/index.d.ts'
[15:10:12.119] Finished processing cache location '/Users/yuanfei/Library/Caches/typescript/3.6'
[15:10:12.119] Process id: 79325
[15:10:12.119] NPM location: /usr/local/Cellar/node/12.10.0/bin/npm (explicit '--npmLocation' not  provided)
[15:10:12.120] validateDefaultNpmLocation: false
[15:10:12.120] Npm config file: /Users/yuanfei/Library/Caches/typescript/3.6/package.json
[15:10:12.120] Updating types-registry npm package...
[15:10:12.120] Exec: /usr/local/Cellar/node/12.10.0/bin/npm install --ignore-scripts types-registry@latest
[15:10:12.129]     Failed. stdout:
    
    stderr:
    /bin/sh: /usr/local/Cellar/node/12.10.0/bin/npm: No such file or directory
    
[15:10:12.129] Updated types-registry npm package
